2025-04-07 20:15:39.009 [info] Extension host with pid 2827 started
2025-04-07 20:15:39.021 [info] Lock '/home/jovyan/.local/share/code-server/User/workspaceStorage/-2ef76b8/vscode.lock': Lock acquired.
2025-04-07 20:15:39.117 [info] ExtensionService#_doActivateExtension vscode.git-base, startup: true, activationEvent: '*', root cause: vscode.git
2025-04-07 20:15:39.177 [info] ExtensionService#_doActivateExtension vscode.git, startup: true, activationEvent: '*'
2025-04-07 20:15:39.177 [info] ExtensionService#_doActivateExtension vscode.github, startup: true, activationEvent: '*'
2025-04-07 20:15:39.432 [info] Eager extensions activated
2025-04-07 20:15:39.433 [info] ExtensionService#_doActivateExtension vscode.debug-auto-launch, startup: false, activationEvent: 'onStartupFinished'
2025-04-07 20:15:39.433 [info] ExtensionService#_doActivateExtension vscode.merge-conflict, startup: false, activationEvent: 'onStartupFinished'
2025-04-07 20:15:39.772 [info] ExtensionService#_doActivateExtension vscode.emmet, startup: false, activationEvent: 'onLanguage'
2025-04-07 20:15:39.802 [info] ExtensionService#_doActivateExtension vscode.github-authentication, startup: false, activationEvent: 'onAuthenticationRequest:github'
2025-04-07 20:22:56.746 [info] ExtensionService#_doActivateExtension vscode.ipynb, startup: false, activationEvent: 'onNotebookSerializer:jupyter-notebook'
2025-04-07 20:22:57.068 [info] ExtensionService#_doActivateExtension ms-toolsai.jupyter, startup: false, activationEvent: 'onNotebook:jupyter-notebook'
2025-04-07 20:22:57.068 [info] ExtensionService#_doActivateExtension ms-toolsai.vscode-jupyter-cell-tags, startup: false, activationEvent: 'onNotebook:jupyter-notebook'
2025-04-07 20:22:57.069 [info] ExtensionService#_doActivateExtension ms-toolsai.vscode-jupyter-slideshow, startup: false, activationEvent: 'onNotebook:jupyter-notebook'
2025-04-07 20:22:57.640 [info] ExtensionService#_doActivateExtension ms-python.python, startup: false, activationEvent: 'api', root cause: ms-toolsai.jupyter
2025-04-07 20:22:57.680 [info] ExtensionService#_doActivateExtension ms-toolsai.jupyter-renderers, startup: false, activationEvent: 'api', root cause: ms-toolsai.jupyter
2025-04-07 20:22:58.139 [error] Error: spawn /home/jovyan/.local/share/code-server/extensions/ms-python.python-2024.14.1-universal/python-env-tools/bin/pet ENOENT
	at ChildProcess._handle.onexit (node:internal/child_process:286:19)
	at onErrorNT (node:internal/child_process:484:16)
	at process.processTicksAndRejections (node:internal/process/task_queues:82:21)
2025-04-07 20:23:18.056 [error] Error: ENOENT: no such file or directory, open '/home/jovyan/.local/share/code-server/User/workspaceStorage/-2ef76b8/vscode.lock'
2025-04-07 20:23:18.056 [info] Lock '/home/jovyan/.local/share/code-server/User/workspaceStorage/-2ef76b8/vscode.lock': The lock was lost unexpectedly.
2025-04-07 20:23:18.056 [error] Error: ENOENT: no such file or directory, utime '/home/jovyan/.local/share/code-server/User/workspaceStorage/-2ef76b8/vscode.lock'
2025-04-07 20:23:18.056 [info] Lock '/home/jovyan/.local/share/code-server/User/workspaceStorage/-2ef76b8/vscode.lock': Could not update mtime.
2025-04-07 20:23:28.736 [info] ExtensionService#_doActivateExtension vscode.npm, startup: false, activationEvent: 'onTerminalQuickFixRequest:ms-vscode.npm-command'
2025-04-07 20:24:08.099 [warning] [Decorations] CAPPING events from decorations provider vscode.git 4088
2025-04-07 20:24:13.240 [warning] [Decorations] CAPPING events from decorations provider vscode.git 4088
2025-04-07 20:25:12.455 [warning] [Decorations] CAPPING events from decorations provider vscode.git 4088
2025-04-07 20:25:50.219 [warning] [Decorations] CAPPING events from decorations provider vscode.git 4088
2025-04-07 20:26:00.657 [warning] [Decorations] CAPPING events from decorations provider vscode.git 4102
2025-04-07 20:26:08.315 [warning] [Decorations] CAPPING events from decorations provider vscode.git 4102
2025-04-07 20:26:13.996 [warning] [Decorations] CAPPING events from decorations provider vscode.git 4104
2025-04-07 20:26:32.567 [error] Error: Git error
	at ChildProcess.<anonymous> (/opt/code-server/lib/vscode/extensions/git/dist/main.js:2:1027004)
	at ChildProcess.emit (node:events:530:35)
	at ChildProcess._handle.onexit (node:internal/child_process:294:12)
2025-04-07 20:26:32.567 [error] Error: Git error
	at ChildProcess.<anonymous> (/opt/code-server/lib/vscode/extensions/git/dist/main.js:2:1027004)
	at ChildProcess.emit (node:events:530:35)
	at ChildProcess._handle.onexit (node:internal/child_process:294:12)
2025-04-07 20:26:32.567 [error] Error: Git error
	at ChildProcess.<anonymous> (/opt/code-server/lib/vscode/extensions/git/dist/main.js:2:1027004)
	at ChildProcess.emit (node:events:530:35)
	at ChildProcess._handle.onexit (node:internal/child_process:294:12)
2025-04-07 20:26:32.567 [error] Error: Git error
	at ChildProcess.<anonymous> (/opt/code-server/lib/vscode/extensions/git/dist/main.js:2:1027004)
	at ChildProcess.emit (node:events:530:35)
	at ChildProcess._handle.onexit (node:internal/child_process:294:12)
2025-04-07 20:26:32.567 [error] Error: Git error
	at ChildProcess.<anonymous> (/opt/code-server/lib/vscode/extensions/git/dist/main.js:2:1027004)
	at ChildProcess.emit (node:events:530:35)
	at ChildProcess._handle.onexit (node:internal/child_process:294:12)
2025-04-07 20:26:32.567 [error] Error: Git error
	at ChildProcess.<anonymous> (/opt/code-server/lib/vscode/extensions/git/dist/main.js:2:1027004)
	at ChildProcess.emit (node:events:530:35)
	at ChildProcess._handle.onexit (node:internal/child_process:294:12)
2025-04-07 20:26:32.567 [error] Error: Git error
	at ChildProcess.<anonymous> (/opt/code-server/lib/vscode/extensions/git/dist/main.js:2:1027004)
	at ChildProcess.emit (node:events:530:35)
	at ChildProcess._handle.onexit (node:internal/child_process:294:12)
2025-04-07 20:26:32.567 [error] Error: Git error
	at ChildProcess.<anonymous> (/opt/code-server/lib/vscode/extensions/git/dist/main.js:2:1027004)
	at ChildProcess.emit (node:events:530:35)
	at ChildProcess._handle.onexit (node:internal/child_process:294:12)
2025-04-07 20:26:32.567 [error] Error: Git error
	at ChildProcess.<anonymous> (/opt/code-server/lib/vscode/extensions/git/dist/main.js:2:1027004)
	at ChildProcess.emit (node:events:530:35)
	at ChildProcess._handle.onexit (node:internal/child_process:294:12)
2025-04-07 20:26:32.567 [error] Error: Git error
	at ChildProcess.<anonymous> (/opt/code-server/lib/vscode/extensions/git/dist/main.js:2:1027004)
	at ChildProcess.emit (node:events:530:35)
	at ChildProcess._handle.onexit (node:internal/child_process:294:12)
2025-04-07 20:26:32.567 [error] Error: Git error
	at ChildProcess.<anonymous> (/opt/code-server/lib/vscode/extensions/git/dist/main.js:2:1027004)
	at ChildProcess.emit (node:events:530:35)
	at ChildProcess._handle.onexit (node:internal/child_process:294:12)
2025-04-07 20:26:32.567 [error] Error: Git error
	at ChildProcess.<anonymous> (/opt/code-server/lib/vscode/extensions/git/dist/main.js:2:1027004)
	at ChildProcess.emit (node:events:530:35)
	at ChildProcess._handle.onexit (node:internal/child_process:294:12)
2025-04-07 20:26:32.567 [error] Error: Git error
	at ChildProcess.<anonymous> (/opt/code-server/lib/vscode/extensions/git/dist/main.js:2:1027004)
	at ChildProcess.emit (node:events:530:35)
	at ChildProcess._handle.onexit (node:internal/child_process:294:12)
2025-04-07 20:26:32.567 [error] Error: Git error
	at ChildProcess.<anonymous> (/opt/code-server/lib/vscode/extensions/git/dist/main.js:2:1027004)
	at ChildProcess.emit (node:events:530:35)
	at ChildProcess._handle.onexit (node:internal/child_process:294:12)
2025-04-07 20:26:33.568 [error] Error: Git error
	at ChildProcess.<anonymous> (/opt/code-server/lib/vscode/extensions/git/dist/main.js:2:1027004)
	at ChildProcess.emit (node:events:530:35)
	at ChildProcess._handle.onexit (node:internal/child_process:294:12)
2025-04-07 20:26:33.570 [error] Error: Git error
	at ChildProcess.<anonymous> (/opt/code-server/lib/vscode/extensions/git/dist/main.js:2:1027004)
	at ChildProcess.emit (node:events:530:35)
	at ChildProcess._handle.onexit (node:internal/child_process:294:12)
2025-04-07 20:26:33.571 [error] Error: Git error
	at ChildProcess.<anonymous> (/opt/code-server/lib/vscode/extensions/git/dist/main.js:2:1027004)
	at ChildProcess.emit (node:events:530:35)
	at ChildProcess._handle.onexit (node:internal/child_process:294:12)
2025-04-07 20:26:33.571 [error] Error: Git error
	at ChildProcess.<anonymous> (/opt/code-server/lib/vscode/extensions/git/dist/main.js:2:1027004)
	at ChildProcess.emit (node:events:530:35)
	at ChildProcess._handle.onexit (node:internal/child_process:294:12)
2025-04-07 20:26:33.572 [error] Error: Git error
	at ChildProcess.<anonymous> (/opt/code-server/lib/vscode/extensions/git/dist/main.js:2:1027004)
	at ChildProcess.emit (node:events:530:35)
	at ChildProcess._handle.onexit (node:internal/child_process:294:12)
2025-04-07 20:26:33.572 [error] Error: Git error
	at ChildProcess.<anonymous> (/opt/code-server/lib/vscode/extensions/git/dist/main.js:2:1027004)
	at ChildProcess.emit (node:events:530:35)
	at ChildProcess._handle.onexit (node:internal/child_process:294:12)
2025-04-07 20:26:33.573 [error] Error: Git error
	at ChildProcess.<anonymous> (/opt/code-server/lib/vscode/extensions/git/dist/main.js:2:1027004)
	at ChildProcess.emit (node:events:530:35)
	at ChildProcess._handle.onexit (node:internal/child_process:294:12)
2025-04-07 20:26:33.573 [error] Error: Git error
	at ChildProcess.<anonymous> (/opt/code-server/lib/vscode/extensions/git/dist/main.js:2:1027004)
	at ChildProcess.emit (node:events:530:35)
	at ChildProcess._handle.onexit (node:internal/child_process:294:12)
2025-04-07 20:26:33.574 [error] Error: Git error
	at ChildProcess.<anonymous> (/opt/code-server/lib/vscode/extensions/git/dist/main.js:2:1027004)
	at ChildProcess.emit (node:events:530:35)
	at ChildProcess._handle.onexit (node:internal/child_process:294:12)
2025-04-07 20:26:33.574 [error] Error: Git error
	at ChildProcess.<anonymous> (/opt/code-server/lib/vscode/extensions/git/dist/main.js:2:1027004)
	at ChildProcess.emit (node:events:530:35)
	at ChildProcess._handle.onexit (node:internal/child_process:294:12)
2025-04-07 20:26:33.575 [error] Error: Git error
	at ChildProcess.<anonymous> (/opt/code-server/lib/vscode/extensions/git/dist/main.js:2:1027004)
	at ChildProcess.emit (node:events:530:35)
	at ChildProcess._handle.onexit (node:internal/child_process:294:12)
2025-04-07 20:26:33.575 [error] Error: Git error
	at ChildProcess.<anonymous> (/opt/code-server/lib/vscode/extensions/git/dist/main.js:2:1027004)
	at ChildProcess.emit (node:events:530:35)
	at ChildProcess._handle.onexit (node:internal/child_process:294:12)
2025-04-07 20:26:33.576 [error] Error: Git error
	at ChildProcess.<anonymous> (/opt/code-server/lib/vscode/extensions/git/dist/main.js:2:1027004)
	at ChildProcess.emit (node:events:530:35)
	at ChildProcess._handle.onexit (node:internal/child_process:294:12)
2025-04-07 20:26:33.576 [error] Error: Git error
	at ChildProcess.<anonymous> (/opt/code-server/lib/vscode/extensions/git/dist/main.js:2:1027004)
	at ChildProcess.emit (node:events:530:35)
	at ChildProcess._handle.onexit (node:internal/child_process:294:12)
2025-04-07 20:26:38.564 [warning] [Decorations] CAPPING events from decorations provider vscode.git 4105
2025-04-07 20:26:44.401 [error] Error: Git error
	at ChildProcess.<anonymous> (/opt/code-server/lib/vscode/extensions/git/dist/main.js:2:1027004)
	at ChildProcess.emit (node:events:530:35)
	at ChildProcess._handle.onexit (node:internal/child_process:294:12)
2025-04-07 20:26:44.401 [error] Error: Git error
	at ChildProcess.<anonymous> (/opt/code-server/lib/vscode/extensions/git/dist/main.js:2:1027004)
	at ChildProcess.emit (node:events:530:35)
	at ChildProcess._handle.onexit (node:internal/child_process:294:12)
2025-04-07 20:26:44.401 [error] Error: Git error
	at ChildProcess.<anonymous> (/opt/code-server/lib/vscode/extensions/git/dist/main.js:2:1027004)
	at ChildProcess.emit (node:events:530:35)
	at ChildProcess._handle.onexit (node:internal/child_process:294:12)
2025-04-07 20:26:44.401 [error] Error: Git error
	at ChildProcess.<anonymous> (/opt/code-server/lib/vscode/extensions/git/dist/main.js:2:1027004)
	at ChildProcess.emit (node:events:530:35)
	at ChildProcess._handle.onexit (node:internal/child_process:294:12)
2025-04-07 20:26:44.401 [error] Error: Git error
	at ChildProcess.<anonymous> (/opt/code-server/lib/vscode/extensions/git/dist/main.js:2:1027004)
	at ChildProcess.emit (node:events:530:35)
	at ChildProcess._handle.onexit (node:internal/child_process:294:12)
2025-04-07 20:26:44.401 [error] Error: Git error
	at ChildProcess.<anonymous> (/opt/code-server/lib/vscode/extensions/git/dist/main.js:2:1027004)
	at ChildProcess.emit (node:events:530:35)
	at ChildProcess._handle.onexit (node:internal/child_process:294:12)
2025-04-07 20:26:44.401 [error] Error: Git error
	at ChildProcess.<anonymous> (/opt/code-server/lib/vscode/extensions/git/dist/main.js:2:1027004)
	at ChildProcess.emit (node:events:530:35)
	at ChildProcess._handle.onexit (node:internal/child_process:294:12)
2025-04-07 20:26:44.401 [error] Error: Git error
	at ChildProcess.<anonymous> (/opt/code-server/lib/vscode/extensions/git/dist/main.js:2:1027004)
	at ChildProcess.emit (node:events:530:35)
	at ChildProcess._handle.onexit (node:internal/child_process:294:12)
2025-04-07 20:26:44.401 [error] Error: Git error
	at ChildProcess.<anonymous> (/opt/code-server/lib/vscode/extensions/git/dist/main.js:2:1027004)
	at ChildProcess.emit (node:events:530:35)
	at ChildProcess._handle.onexit (node:internal/child_process:294:12)
2025-04-07 20:26:44.401 [error] Error: Git error
	at ChildProcess.<anonymous> (/opt/code-server/lib/vscode/extensions/git/dist/main.js:2:1027004)
	at ChildProcess.emit (node:events:530:35)
	at ChildProcess._handle.onexit (node:internal/child_process:294:12)
2025-04-07 20:26:44.401 [error] Error: Git error
	at ChildProcess.<anonymous> (/opt/code-server/lib/vscode/extensions/git/dist/main.js:2:1027004)
	at ChildProcess.emit (node:events:530:35)
	at ChildProcess._handle.onexit (node:internal/child_process:294:12)
2025-04-07 20:26:44.401 [error] Error: Git error
	at ChildProcess.<anonymous> (/opt/code-server/lib/vscode/extensions/git/dist/main.js:2:1027004)
	at ChildProcess.emit (node:events:530:35)
	at ChildProcess._handle.onexit (node:internal/child_process:294:12)
2025-04-07 20:26:44.401 [error] Error: Git error
	at ChildProcess.<anonymous> (/opt/code-server/lib/vscode/extensions/git/dist/main.js:2:1027004)
	at ChildProcess.emit (node:events:530:35)
	at ChildProcess._handle.onexit (node:internal/child_process:294:12)
2025-04-07 20:26:44.401 [error] Error: Git error
	at ChildProcess.<anonymous> (/opt/code-server/lib/vscode/extensions/git/dist/main.js:2:1027004)
	at ChildProcess.emit (node:events:530:35)
	at ChildProcess._handle.onexit (node:internal/child_process:294:12)
2025-04-07 20:26:44.401 [error] Error: Git error
	at ChildProcess.<anonymous> (/opt/code-server/lib/vscode/extensions/git/dist/main.js:2:1027004)
	at ChildProcess.emit (node:events:530:35)
	at ChildProcess._handle.onexit (node:internal/child_process:294:12)
2025-04-07 20:26:44.401 [error] Error: Git error
	at ChildProcess.<anonymous> (/opt/code-server/lib/vscode/extensions/git/dist/main.js:2:1027004)
	at ChildProcess.emit (node:events:530:35)
	at ChildProcess._handle.onexit (node:internal/child_process:294:12)
2025-04-07 20:26:45.401 [error] Error: Git error
	at ChildProcess.<anonymous> (/opt/code-server/lib/vscode/extensions/git/dist/main.js:2:1027004)
	at ChildProcess.emit (node:events:530:35)
	at ChildProcess._handle.onexit (node:internal/child_process:294:12)
2025-04-07 20:26:45.402 [error] Error: Git error
	at ChildProcess.<anonymous> (/opt/code-server/lib/vscode/extensions/git/dist/main.js:2:1027004)
	at ChildProcess.emit (node:events:530:35)
	at ChildProcess._handle.onexit (node:internal/child_process:294:12)
2025-04-07 20:26:45.403 [error] Error: Git error
	at ChildProcess.<anonymous> (/opt/code-server/lib/vscode/extensions/git/dist/main.js:2:1027004)
	at ChildProcess.emit (node:events:530:35)
	at ChildProcess._handle.onexit (node:internal/child_process:294:12)
2025-04-07 20:26:45.403 [error] Error: Git error
	at ChildProcess.<anonymous> (/opt/code-server/lib/vscode/extensions/git/dist/main.js:2:1027004)
	at ChildProcess.emit (node:events:530:35)
	at ChildProcess._handle.onexit (node:internal/child_process:294:12)
2025-04-07 20:26:45.403 [error] Error: Git error
	at ChildProcess.<anonymous> (/opt/code-server/lib/vscode/extensions/git/dist/main.js:2:1027004)
	at ChildProcess.emit (node:events:530:35)
	at ChildProcess._handle.onexit (node:internal/child_process:294:12)
2025-04-07 20:26:45.404 [error] Error: Git error
	at ChildProcess.<anonymous> (/opt/code-server/lib/vscode/extensions/git/dist/main.js:2:1027004)
	at ChildProcess.emit (node:events:530:35)
	at ChildProcess._handle.onexit (node:internal/child_process:294:12)
2025-04-07 20:26:45.404 [error] Error: Git error
	at ChildProcess.<anonymous> (/opt/code-server/lib/vscode/extensions/git/dist/main.js:2:1027004)
	at ChildProcess.emit (node:events:530:35)
	at ChildProcess._handle.onexit (node:internal/child_process:294:12)
2025-04-07 20:26:45.404 [error] Error: Git error
	at ChildProcess.<anonymous> (/opt/code-server/lib/vscode/extensions/git/dist/main.js:2:1027004)
	at ChildProcess.emit (node:events:530:35)
	at ChildProcess._handle.onexit (node:internal/child_process:294:12)
2025-04-07 20:26:45.405 [error] Error: Git error
	at ChildProcess.<anonymous> (/opt/code-server/lib/vscode/extensions/git/dist/main.js:2:1027004)
	at ChildProcess.emit (node:events:530:35)
	at ChildProcess._handle.onexit (node:internal/child_process:294:12)
2025-04-07 20:26:45.405 [error] Error: Git error
	at ChildProcess.<anonymous> (/opt/code-server/lib/vscode/extensions/git/dist/main.js:2:1027004)
	at ChildProcess.emit (node:events:530:35)
	at ChildProcess._handle.onexit (node:internal/child_process:294:12)
2025-04-07 20:26:45.405 [error] Error: Git error
	at ChildProcess.<anonymous> (/opt/code-server/lib/vscode/extensions/git/dist/main.js:2:1027004)
	at ChildProcess.emit (node:events:530:35)
	at ChildProcess._handle.onexit (node:internal/child_process:294:12)
2025-04-07 20:26:45.406 [error] Error: Git error
	at ChildProcess.<anonymous> (/opt/code-server/lib/vscode/extensions/git/dist/main.js:2:1027004)
	at ChildProcess.emit (node:events:530:35)
	at ChildProcess._handle.onexit (node:internal/child_process:294:12)
2025-04-07 20:26:45.406 [error] Error: Git error
	at ChildProcess.<anonymous> (/opt/code-server/lib/vscode/extensions/git/dist/main.js:2:1027004)
	at ChildProcess.emit (node:events:530:35)
	at ChildProcess._handle.onexit (node:internal/child_process:294:12)
2025-04-07 20:26:45.406 [error] Error: Git error
	at ChildProcess.<anonymous> (/opt/code-server/lib/vscode/extensions/git/dist/main.js:2:1027004)
	at ChildProcess.emit (node:events:530:35)
	at ChildProcess._handle.onexit (node:internal/child_process:294:12)
2025-04-07 20:26:45.406 [error] Error: Git error
	at ChildProcess.<anonymous> (/opt/code-server/lib/vscode/extensions/git/dist/main.js:2:1027004)
	at ChildProcess.emit (node:events:530:35)
	at ChildProcess._handle.onexit (node:internal/child_process:294:12)
2025-04-07 20:26:45.407 [error] Error: Git error
	at ChildProcess.<anonymous> (/opt/code-server/lib/vscode/extensions/git/dist/main.js:2:1027004)
	at ChildProcess.emit (node:events:530:35)
	at ChildProcess._handle.onexit (node:internal/child_process:294:12)
2025-04-07 20:26:49.582 [warning] [Decorations] CAPPING events from decorations provider vscode.git 4106
2025-04-07 20:26:55.101 [warning] [Decorations] CAPPING events from decorations provider vscode.git 4106
2025-04-07 20:27:00.231 [warning] [Decorations] CAPPING events from decorations provider vscode.git 4102
