2025-04-07 20:22:58.210 [info] Experiment 'pythonTerminalEnvVarActivation' is active
2025-04-07 20:22:58.211 [warning] Dir "/home/jovyan/.pixi/envs" is not watchable (directory does not exist)
2025-04-07 20:22:58.252 [info] Default formatter is set to null for workspace /home/jovyan
2025-04-07 20:22:58.305 [info] > conda info --json
2025-04-07 20:22:58.310 [info] Python interpreter path: /bin/python3
2025-04-07 20:22:58.371 [info] > pyenv which python
2025-04-07 20:22:58.371 [info] cwd: .
2025-04-07 20:22:58.518 [info] > pixi --version
2025-04-07 20:22:58.519 [warning] could not find a pixi interpreter for the interpreter at /bin/python3
2025-04-07 20:22:59.324 [info] Starting Jedi language server for jovyan.
2025-04-07 20:23:07.985 [info] Starting Environment refresh
2025-04-07 20:23:07.985 [info] Searching for interpreters in posix paths locator
2025-04-07 20:23:07.987 [info] Searching for pyenv environments
2025-04-07 20:23:07.987 [info] Searching for conda environments
2025-04-07 20:23:07.987 [info] Searching for global virtual environments
2025-04-07 20:23:07.987 [info] Searching for custom virtual environments
2025-04-07 20:23:07.992 [info] > hatch env show --json
2025-04-07 20:23:07.993 [info] cwd: .
2025-04-07 20:23:07.999 [info] pyenv is not installed
2025-04-07 20:23:07.999 [info] Finished searching for pyenv environments: 13 milliseconds
2025-04-07 20:23:08.000 [info] Finished searching for custom virtual envs: 13 milliseconds
2025-04-07 20:23:08.003 [info] Finished searching for global virtual envs: 17 milliseconds
2025-04-07 20:23:08.009 [info] Found: /bin/python3 --> /bin/python3.10
2025-04-07 20:23:08.010 [info] Found: /bin/python3.10 --> /bin/python3.10
2025-04-07 20:23:08.026 [info] Found: /usr/bin/python3 --> /usr/bin/python3.10
2025-04-07 20:23:08.027 [info] Found: /usr/bin/python3.10 --> /usr/bin/python3.10
2025-04-07 20:23:08.035 [info] > /bin/python3 -I ./.local/share/code-server/extensions/ms-python.python-2024.14.1-universal/python_files/get_output_via_markers.py ./.local/share/code-server/extensions/ms-python.python-2024.14.1-universal/python_files/interpreterInfo.py
2025-04-07 20:23:08.049 [info] Finished searching for conda environments: 59 milliseconds
2025-04-07 20:23:08.049 [info] > /opt/conda/bin/python -I ./.local/share/code-server/extensions/ms-python.python-2024.14.1-universal/python_files/get_output_via_markers.py ./.local/share/code-server/extensions/ms-python.python-2024.14.1-universal/python_files/interpreterInfo.py
2025-04-07 20:23:08.055 [info] Found: /opt/conda/envs/biol1435/bin/python --> /opt/conda/envs/biol1435/bin/python3.9
2025-04-07 20:23:08.055 [info] Found: /opt/conda/envs/biol1435/bin/python3 --> /opt/conda/envs/biol1435/bin/python3.9
2025-04-07 20:23:08.055 [info] Found: /opt/conda/envs/biol1435/bin/python3.9 --> /opt/conda/envs/biol1435/bin/python3.9
2025-04-07 20:23:08.058 [info] Found: /opt/conda/bin/python --> /opt/conda/bin/python3.11
2025-04-07 20:23:08.058 [info] Found: /opt/conda/bin/python3 --> /opt/conda/bin/python3.11
2025-04-07 20:23:08.058 [info] Found: /opt/conda/bin/python3.1 --> /opt/conda/bin/python3.11
2025-04-07 20:23:08.059 [info] Found: /opt/conda/bin/python3.11 --> /opt/conda/bin/python3.11
2025-04-07 20:23:08.066 [info] Finished searching for interpreters in posix paths locator: 82 milliseconds
2025-04-07 20:23:08.066 [info] Environments refresh paths discovered (event): 83 milliseconds
2025-04-07 20:23:08.066 [info] Environments refresh paths discovered: 83 milliseconds
2025-04-07 20:23:08.079 [info] > /opt/conda/envs/biol1435/bin/python -I ./.local/share/code-server/extensions/ms-python.python-2024.14.1-universal/python_files/get_output_via_markers.py ./.local/share/code-server/extensions/ms-python.python-2024.14.1-universal/python_files/interpreterInfo.py
2025-04-07 20:23:08.099 [info] > /usr/bin/python3 -I ./.local/share/code-server/extensions/ms-python.python-2024.14.1-universal/python_files/get_output_via_markers.py ./.local/share/code-server/extensions/ms-python.python-2024.14.1-universal/python_files/interpreterInfo.py
2025-04-07 20:23:08.134 [info] Environments refresh finished (event): 151 milliseconds
2025-04-07 20:23:08.142 [info] Environment refresh took 160 milliseconds
