2025-02-11 05:35:01.381 [info] Extension host with pid 26019 started
2025-02-11 05:35:01.381 [error] Error: EEXIST: file already exists, open '/home/jovyan/.local/share/code-server/User/workspaceStorage/-2ef76b8/vscode.lock'
2025-02-11 05:35:01.390 [info] Lock '/home/jovyan/.local/share/code-server/User/workspaceStorage/-2ef76b8/vscode.lock': Could not acquire lock, checking if the file is stale.
2025-02-11 05:35:01.403 [info] Lock '/home/jovyan/.local/share/code-server/User/workspaceStorage/-2ef76b8/vscode.lock': The lock does not look stale, elapsed: 179 ms, giving up.
2025-02-11 05:35:01.411 [info] Lock '/home/jovyan/.local/share/code-server/User/workspaceStorage/-2ef76b8-1/vscode.lock': Lock acquired.
2025-02-11 05:35:01.475 [info] ExtensionService#_doActivateExtension vscode.ipynb, startup: false, activationEvent: 'onNotebookSerializer:jupyter-notebook'
2025-02-11 05:35:01.549 [info] ExtensionService#_doActivateExtension vscode.git-base, startup: true, activationEvent: '*', root cause: vscode.git
2025-02-11 05:35:01.638 [info] ExtensionService#_doActivateExtension vscode.git, startup: true, activationEvent: '*'
2025-02-11 05:35:01.638 [info] ExtensionService#_doActivateExtension vscode.github, startup: true, activationEvent: '*'
2025-02-11 05:35:01.931 [info] Eager extensions activated
2025-02-11 05:35:01.931 [info] ExtensionService#_doActivateExtension vscode.debug-auto-launch, startup: false, activationEvent: 'onStartupFinished'
2025-02-11 05:35:01.932 [info] ExtensionService#_doActivateExtension vscode.merge-conflict, startup: false, activationEvent: 'onStartupFinished'
2025-02-11 05:35:01.987 [info] ExtensionService#_doActivateExtension ms-toolsai.jupyter, startup: false, activationEvent: 'onNotebook:jupyter-notebook'
2025-02-11 05:35:01.988 [info] ExtensionService#_doActivateExtension ms-toolsai.vscode-jupyter-cell-tags, startup: false, activationEvent: 'onNotebook:jupyter-notebook'
2025-02-11 05:35:01.988 [info] ExtensionService#_doActivateExtension ms-toolsai.vscode-jupyter-slideshow, startup: false, activationEvent: 'onNotebook:jupyter-notebook'
2025-02-11 05:35:02.657 [info] ExtensionService#_doActivateExtension ms-python.python, startup: false, activationEvent: 'api', root cause: ms-toolsai.jupyter
2025-02-11 05:35:02.712 [info] ExtensionService#_doActivateExtension ms-toolsai.jupyter-renderers, startup: false, activationEvent: 'api', root cause: ms-toolsai.jupyter
2025-02-11 05:35:03.359 [info] ExtensionService#_doActivateExtension vscode.emmet, startup: false, activationEvent: 'onLanguage'
2025-02-11 05:35:03.475 [error] Error: spawn /home/jovyan/.local/share/code-server/extensions/ms-python.python-2024.14.1-universal/python-env-tools/bin/pet ENOENT
	at ChildProcess._handle.onexit (node:internal/child_process:286:19)
	at onErrorNT (node:internal/child_process:484:16)
	at process.processTicksAndRejections (node:internal/process/task_queues:82:21)
2025-02-11 05:35:03.582 [info] ExtensionService#_doActivateExtension vscode.github-authentication, startup: false, activationEvent: 'onAuthenticationRequest:github'
2025-02-11 05:35:03.742 [info] ExtensionService#_doActivateExtension ms-python.debugpy, startup: false, activationEvent: 'onLanguage:python'
2025-02-11 05:35:05.503 [info] ExtensionService#_doActivateExtension vscode.tunnel-forwarding, startup: false, activationEvent: 'onTunnel'
2025-02-11 10:10:47.941 [info] Extension host terminating: renderer disconnected for too long (2)
2025-02-11 10:10:47.943 [info] Lock '/home/jovyan/.local/share/code-server/User/workspaceStorage/-2ef76b8-1/vscode.lock': Marking the lockfile as scheduled to be released in 6000 ms.
2025-02-11 10:10:48.026 [error] Canceled: Canceled
	at new k (/opt/code-server/lib/vscode/out/vs/workbench/api/node/extensionHostProcess.js:144:34987)
	at E.U (/opt/code-server/lib/vscode/out/vs/workbench/api/node/extensionHostProcess.js:151:6001)
	at M.<computed>.L.charCodeAt.A.CharCode.DollarSign.M.<computed> (/opt/code-server/lib/vscode/out/vs/workbench/api/node/extensionHostProcess.js:151:3076)
	at E.g (/opt/code-server/lib/vscode/out/vs/workbench/api/node/extensionHostProcess.js:154:207442)
	at E.executeCommand (/opt/code-server/lib/vscode/out/vs/workbench/api/node/extensionHostProcess.js:154:206866)
	at N.registerCommand.description (/opt/code-server/lib/vscode/out/vs/workbench/api/node/extensionHostProcess.js:154:206176)
	at E.h (/opt/code-server/lib/vscode/out/vs/workbench/api/node/extensionHostProcess.js:154:207981)
	at E.g (/opt/code-server/lib/vscode/out/vs/workbench/api/node/extensionHostProcess.js:154:206966)
	at E.executeCommand (/opt/code-server/lib/vscode/out/vs/workbench/api/node/extensionHostProcess.js:154:206866)
	at Object.executeCommand (/opt/code-server/lib/vscode/out/vs/workbench/api/node/extensionHostProcess.js:164:23018)
	at n.O [as value] (/opt/code-server/lib/vscode/extensions/git/dist/main.js:2:949496)
	at s.B (/opt/code-server/lib/vscode/out/vs/workbench/api/node/extensionHostProcess.js:83:740)
	at s.C (/opt/code-server/lib/vscode/out/vs/workbench/api/node/extensionHostProcess.js:83:810)
	at s.fire (/opt/code-server/lib/vscode/out/vs/workbench/api/node/extensionHostProcess.js:83:1026)
	at Object.p [as dispose] (/opt/code-server/lib/vscode/extensions/git/dist/main.js:2:968700)
	at /opt/code-server/lib/vscode/extensions/git/dist/main.js:2:974738
	at Array.forEach (<anonymous>)
	at f.dispose (/opt/code-server/lib/vscode/extensions/git/dist/main.js:2:974724)
	at s.<anonymous> (/opt/code-server/lib/vscode/out/vs/workbench/api/node/extensionHostProcess.js:152:4814)
	at s.dispose (/opt/code-server/lib/vscode/out/vs/workbench/api/node/extensionHostProcess.js:152:4949)
	at s.<anonymous> (/opt/code-server/lib/vscode/extensions/git/dist/main.js:2:951753)
	at s.dispose (/opt/code-server/lib/vscode/out/vs/workbench/api/node/extensionHostProcess.js:152:4949)
	at g (/opt/code-server/lib/vscode/out/vs/workbench/api/node/extensionHostProcess.js:30:750)
	at $.eb (/opt/code-server/lib/vscode/out/vs/workbench/api/node/extensionHostProcess.js:160:10809)
	at /opt/code-server/lib/vscode/out/vs/workbench/api/node/extensionHostProcess.js:160:8656
	at Array.map (<anonymous>)
	at $ (/opt/code-server/lib/vscode/out/vs/workbench/api/node/extensionHostProcess.js:160:8644)
	at $.terminate (/opt/code-server/lib/vscode/out/vs/workbench/api/node/extensionHostProcess.js:160:8918)
	at g.terminate (/opt/code-server/lib/vscode/out/vs/workbench/api/node/extensionHostProcess.js:164:1513)
	at s (/opt/code-server/lib/vscode/out/vs/workbench/api/node/extensionHostProcess.js:177:10642)
	at L.a (/opt/code-server/lib/vscode/out/vs/workbench/api/node/extensionHostProcess.js:177:7307)
	at L.h (/opt/code-server/lib/vscode/out/vs/workbench/api/node/extensionHostProcess.js:87:21283)
	at listOnTimeout (node:internal/timers:573:17)
	at process.processTimers (node:internal/timers:514:7) setContext undefined
2025-02-11 10:10:48.026 [error] Canceled: Canceled
	at new k (/opt/code-server/lib/vscode/out/vs/workbench/api/node/extensionHostProcess.js:144:34987)
	at E.U (/opt/code-server/lib/vscode/out/vs/workbench/api/node/extensionHostProcess.js:151:6001)
	at M.<computed>.L.charCodeAt.A.CharCode.DollarSign.M.<computed> (/opt/code-server/lib/vscode/out/vs/workbench/api/node/extensionHostProcess.js:151:3076)
	at E.g (/opt/code-server/lib/vscode/out/vs/workbench/api/node/extensionHostProcess.js:154:207442)
	at E.executeCommand (/opt/code-server/lib/vscode/out/vs/workbench/api/node/extensionHostProcess.js:154:206866)
	at N.registerCommand.description (/opt/code-server/lib/vscode/out/vs/workbench/api/node/extensionHostProcess.js:154:206176)
	at E.h (/opt/code-server/lib/vscode/out/vs/workbench/api/node/extensionHostProcess.js:154:207981)
	at E.g (/opt/code-server/lib/vscode/out/vs/workbench/api/node/extensionHostProcess.js:154:206966)
	at E.executeCommand (/opt/code-server/lib/vscode/out/vs/workbench/api/node/extensionHostProcess.js:154:206866)
	at Object.executeCommand (/opt/code-server/lib/vscode/out/vs/workbench/api/node/extensionHostProcess.js:164:23018)
	at n.O [as value] (/opt/code-server/lib/vscode/extensions/git/dist/main.js:2:949496)
	at s.B (/opt/code-server/lib/vscode/out/vs/workbench/api/node/extensionHostProcess.js:83:740)
	at s.C (/opt/code-server/lib/vscode/out/vs/workbench/api/node/extensionHostProcess.js:83:810)
	at s.fire (/opt/code-server/lib/vscode/out/vs/workbench/api/node/extensionHostProcess.js:83:1026)
	at Object.p [as dispose] (/opt/code-server/lib/vscode/extensions/git/dist/main.js:2:968700)
	at /opt/code-server/lib/vscode/extensions/git/dist/main.js:2:974738
	at Array.forEach (<anonymous>)
	at f.dispose (/opt/code-server/lib/vscode/extensions/git/dist/main.js:2:974724)
	at s.<anonymous> (/opt/code-server/lib/vscode/out/vs/workbench/api/node/extensionHostProcess.js:152:4814)
	at s.dispose (/opt/code-server/lib/vscode/out/vs/workbench/api/node/extensionHostProcess.js:152:4949)
	at s.<anonymous> (/opt/code-server/lib/vscode/extensions/git/dist/main.js:2:951753)
	at s.dispose (/opt/code-server/lib/vscode/out/vs/workbench/api/node/extensionHostProcess.js:152:4949)
	at g (/opt/code-server/lib/vscode/out/vs/workbench/api/node/extensionHostProcess.js:30:750)
	at $.eb (/opt/code-server/lib/vscode/out/vs/workbench/api/node/extensionHostProcess.js:160:10809)
	at /opt/code-server/lib/vscode/out/vs/workbench/api/node/extensionHostProcess.js:160:8656
	at Array.map (<anonymous>)
	at $ (/opt/code-server/lib/vscode/out/vs/workbench/api/node/extensionHostProcess.js:160:8644)
	at $.terminate (/opt/code-server/lib/vscode/out/vs/workbench/api/node/extensionHostProcess.js:160:8918)
	at g.terminate (/opt/code-server/lib/vscode/out/vs/workbench/api/node/extensionHostProcess.js:164:1513)
	at s (/opt/code-server/lib/vscode/out/vs/workbench/api/node/extensionHostProcess.js:177:10642)
	at L.a (/opt/code-server/lib/vscode/out/vs/workbench/api/node/extensionHostProcess.js:177:7307)
	at L.h (/opt/code-server/lib/vscode/out/vs/workbench/api/node/extensionHostProcess.js:87:21283)
	at listOnTimeout (node:internal/timers:573:17)
	at process.processTimers (node:internal/timers:514:7) setContext undefined
2025-02-11 10:10:48.027 [error] Canceled: Canceled
	at new k (/opt/code-server/lib/vscode/out/vs/workbench/api/node/extensionHostProcess.js:144:34987)
	at E.U (/opt/code-server/lib/vscode/out/vs/workbench/api/node/extensionHostProcess.js:151:6001)
	at M.<computed>.L.charCodeAt.A.CharCode.DollarSign.M.<computed> (/opt/code-server/lib/vscode/out/vs/workbench/api/node/extensionHostProcess.js:151:3076)
	at E.g (/opt/code-server/lib/vscode/out/vs/workbench/api/node/extensionHostProcess.js:154:207442)
	at E.executeCommand (/opt/code-server/lib/vscode/out/vs/workbench/api/node/extensionHostProcess.js:154:206866)
	at N.registerCommand.description (/opt/code-server/lib/vscode/out/vs/workbench/api/node/extensionHostProcess.js:154:206176)
	at E.h (/opt/code-server/lib/vscode/out/vs/workbench/api/node/extensionHostProcess.js:154:207981)
	at E.g (/opt/code-server/lib/vscode/out/vs/workbench/api/node/extensionHostProcess.js:154:206966)
	at E.executeCommand (/opt/code-server/lib/vscode/out/vs/workbench/api/node/extensionHostProcess.js:154:206866)
	at Object.executeCommand (/opt/code-server/lib/vscode/out/vs/workbench/api/node/extensionHostProcess.js:164:23018)
	at set hasGitHubRepositories [as hasGitHubRepositories] (/opt/code-server/lib/vscode/extensions/github/dist/extension.js:2:322969)
	at /opt/code-server/lib/vscode/extensions/github/dist/extension.js:2:323928
	at n.value (/opt/code-server/lib/vscode/extensions/git/dist/main.js:2:1055238)
	at s.B (/opt/code-server/lib/vscode/out/vs/workbench/api/node/extensionHostProcess.js:83:740)
	at s.C (/opt/code-server/lib/vscode/out/vs/workbench/api/node/extensionHostProcess.js:83:810)
	at s.fire (/opt/code-server/lib/vscode/out/vs/workbench/api/node/extensionHostProcess.js:83:1026)
	at Object.p [as dispose] (/opt/code-server/lib/vscode/extensions/git/dist/main.js:2:968700)
	at /opt/code-server/lib/vscode/extensions/git/dist/main.js:2:974738
	at Array.forEach (<anonymous>)
	at f.dispose (/opt/code-server/lib/vscode/extensions/git/dist/main.js:2:974724)
	at s.<anonymous> (/opt/code-server/lib/vscode/out/vs/workbench/api/node/extensionHostProcess.js:152:4814)
	at s.dispose (/opt/code-server/lib/vscode/out/vs/workbench/api/node/extensionHostProcess.js:152:4949)
	at s.<anonymous> (/opt/code-server/lib/vscode/extensions/git/dist/main.js:2:951753)
	at s.dispose (/opt/code-server/lib/vscode/out/vs/workbench/api/node/extensionHostProcess.js:152:4949)
	at g (/opt/code-server/lib/vscode/out/vs/workbench/api/node/extensionHostProcess.js:30:750)
	at $.eb (/opt/code-server/lib/vscode/out/vs/workbench/api/node/extensionHostProcess.js:160:10809)
	at /opt/code-server/lib/vscode/out/vs/workbench/api/node/extensionHostProcess.js:160:8656
	at Array.map (<anonymous>)
	at $ (/opt/code-server/lib/vscode/out/vs/workbench/api/node/extensionHostProcess.js:160:8644)
	at $.terminate (/opt/code-server/lib/vscode/out/vs/workbench/api/node/extensionHostProcess.js:160:8918)
	at g.terminate (/opt/code-server/lib/vscode/out/vs/workbench/api/node/extensionHostProcess.js:164:1513)
	at s (/opt/code-server/lib/vscode/out/vs/workbench/api/node/extensionHostProcess.js:177:10642)
	at L.a (/opt/code-server/lib/vscode/out/vs/workbench/api/node/extensionHostProcess.js:177:7307)
	at L.h (/opt/code-server/lib/vscode/out/vs/workbench/api/node/extensionHostProcess.js:87:21283)
	at listOnTimeout (node:internal/timers:573:17)
	at process.processTimers (node:internal/timers:514:7) setContext undefined
2025-02-11 10:10:48.042 [info] Extension host with pid 26019 exiting with code 0
2025-02-11 10:40:08.681 [info] Extension host with pid 54494 started
2025-02-11 10:40:08.695 [info] Lock '/home/jovyan/.local/share/code-server/User/workspaceStorage/-2ef76b8/vscode.lock': Lock acquired.
2025-02-11 10:40:09.164 [info] ExtensionService#_doActivateExtension vscode.ipynb, startup: false, activationEvent: 'onNotebookSerializer:jupyter-notebook'
2025-02-11 10:40:09.166 [info] ExtensionService#_doActivateExtension ms-toolsai.jupyter, startup: false, activationEvent: 'onNotebook:jupyter-notebook'
2025-02-11 10:40:09.166 [info] ExtensionService#_doActivateExtension ms-toolsai.vscode-jupyter-cell-tags, startup: false, activationEvent: 'onNotebook:jupyter-notebook'
2025-02-11 10:40:09.166 [info] ExtensionService#_doActivateExtension ms-toolsai.vscode-jupyter-slideshow, startup: false, activationEvent: 'onNotebook:jupyter-notebook'
2025-02-11 10:40:09.166 [info] ExtensionService#_doActivateExtension ms-python.python, startup: false, activationEvent: 'onLanguage:python', root cause: ms-python.debugpy
2025-02-11 10:40:09.167 [info] ExtensionService#_doActivateExtension vscode.emmet, startup: false, activationEvent: 'onLanguage'
2025-02-11 10:40:09.167 [info] ExtensionService#_doActivateExtension ms-toolsai.jupyter-renderers, startup: false, activationEvent: 'onRenderer:jupyter-notebook-renderer'
2025-02-11 10:40:09.168 [info] ExtensionService#_doActivateExtension vscode.github-authentication, startup: false, activationEvent: 'onAuthenticationRequest:github'
2025-02-11 10:40:09.168 [info] ExtensionService#_doActivateExtension vscode.tunnel-forwarding, startup: false, activationEvent: 'onTunnel'
2025-02-11 10:40:10.429 [info] ExtensionService#_doActivateExtension vscode.git-base, startup: true, activationEvent: '*', root cause: vscode.git
2025-02-11 10:40:10.454 [error] Error: spawn /home/jovyan/.local/share/code-server/extensions/ms-python.python-2024.14.1-universal/python-env-tools/bin/pet ENOENT
	at ChildProcess._handle.onexit (node:internal/child_process:286:19)
	at onErrorNT (node:internal/child_process:484:16)
	at process.processTicksAndRejections (node:internal/process/task_queues:82:21)
2025-02-11 10:40:20.434 [info] ExtensionService#_doActivateExtension vscode.debug-auto-launch, startup: false, activationEvent: 'onStartupFinished'
2025-02-11 10:40:20.434 [info] ExtensionService#_doActivateExtension vscode.merge-conflict, startup: false, activationEvent: 'onStartupFinished'
2025-02-11 10:57:33.827 [info] ExtensionService#_doActivateExtension vscode.git, startup: true, activationEvent: '*'
2025-02-11 10:57:33.828 [info] ExtensionService#_doActivateExtension vscode.github, startup: true, activationEvent: '*'
2025-02-11 10:57:34.027 [info] ExtensionService#_doActivateExtension ms-python.debugpy, startup: false, activationEvent: 'onLanguage:python'
2025-02-11 10:57:34.689 [info] Eager extensions activated
2025-02-11 14:07:32.780 [info] Extension host terminating: renderer disconnected for too long (2)
2025-02-11 14:07:32.781 [info] Lock '/home/jovyan/.local/share/code-server/User/workspaceStorage/-2ef76b8/vscode.lock': Marking the lockfile as scheduled to be released in 6000 ms.
2025-02-11 14:07:32.862 [error] Canceled: Canceled
	at new k (/opt/code-server/lib/vscode/out/vs/workbench/api/node/extensionHostProcess.js:144:34987)
	at E.U (/opt/code-server/lib/vscode/out/vs/workbench/api/node/extensionHostProcess.js:151:6001)
	at M.<computed>.L.charCodeAt.A.CharCode.DollarSign.M.<computed> (/opt/code-server/lib/vscode/out/vs/workbench/api/node/extensionHostProcess.js:151:3076)
	at E.g (/opt/code-server/lib/vscode/out/vs/workbench/api/node/extensionHostProcess.js:154:207442)
	at E.executeCommand (/opt/code-server/lib/vscode/out/vs/workbench/api/node/extensionHostProcess.js:154:206866)
	at N.registerCommand.description (/opt/code-server/lib/vscode/out/vs/workbench/api/node/extensionHostProcess.js:154:206176)
	at E.h (/opt/code-server/lib/vscode/out/vs/workbench/api/node/extensionHostProcess.js:154:207981)
	at E.g (/opt/code-server/lib/vscode/out/vs/workbench/api/node/extensionHostProcess.js:154:206966)
	at E.executeCommand (/opt/code-server/lib/vscode/out/vs/workbench/api/node/extensionHostProcess.js:154:206866)
	at Object.executeCommand (/opt/code-server/lib/vscode/out/vs/workbench/api/node/extensionHostProcess.js:164:23018)
	at n.O [as value] (/opt/code-server/lib/vscode/extensions/git/dist/main.js:2:949496)
	at s.B (/opt/code-server/lib/vscode/out/vs/workbench/api/node/extensionHostProcess.js:83:740)
	at s.C (/opt/code-server/lib/vscode/out/vs/workbench/api/node/extensionHostProcess.js:83:810)
	at s.fire (/opt/code-server/lib/vscode/out/vs/workbench/api/node/extensionHostProcess.js:83:1026)
	at Object.p [as dispose] (/opt/code-server/lib/vscode/extensions/git/dist/main.js:2:968700)
	at /opt/code-server/lib/vscode/extensions/git/dist/main.js:2:974738
	at Array.forEach (<anonymous>)
	at f.dispose (/opt/code-server/lib/vscode/extensions/git/dist/main.js:2:974724)
	at s.<anonymous> (/opt/code-server/lib/vscode/out/vs/workbench/api/node/extensionHostProcess.js:152:4814)
	at s.dispose (/opt/code-server/lib/vscode/out/vs/workbench/api/node/extensionHostProcess.js:152:4949)
	at s.<anonymous> (/opt/code-server/lib/vscode/extensions/git/dist/main.js:2:951753)
	at s.dispose (/opt/code-server/lib/vscode/out/vs/workbench/api/node/extensionHostProcess.js:152:4949)
	at g (/opt/code-server/lib/vscode/out/vs/workbench/api/node/extensionHostProcess.js:30:750)
	at $.eb (/opt/code-server/lib/vscode/out/vs/workbench/api/node/extensionHostProcess.js:160:10809)
	at /opt/code-server/lib/vscode/out/vs/workbench/api/node/extensionHostProcess.js:160:8656
	at Array.map (<anonymous>)
	at $ (/opt/code-server/lib/vscode/out/vs/workbench/api/node/extensionHostProcess.js:160:8644)
	at $.terminate (/opt/code-server/lib/vscode/out/vs/workbench/api/node/extensionHostProcess.js:160:8918)
	at g.terminate (/opt/code-server/lib/vscode/out/vs/workbench/api/node/extensionHostProcess.js:164:1513)
	at s (/opt/code-server/lib/vscode/out/vs/workbench/api/node/extensionHostProcess.js:177:10642)
	at L.a (/opt/code-server/lib/vscode/out/vs/workbench/api/node/extensionHostProcess.js:177:7307)
	at L.h (/opt/code-server/lib/vscode/out/vs/workbench/api/node/extensionHostProcess.js:87:21283)
	at listOnTimeout (node:internal/timers:573:17)
	at process.processTimers (node:internal/timers:514:7) setContext undefined
2025-02-11 14:07:32.863 [error] Canceled: Canceled
	at new k (/opt/code-server/lib/vscode/out/vs/workbench/api/node/extensionHostProcess.js:144:34987)
	at E.U (/opt/code-server/lib/vscode/out/vs/workbench/api/node/extensionHostProcess.js:151:6001)
	at M.<computed>.L.charCodeAt.A.CharCode.DollarSign.M.<computed> (/opt/code-server/lib/vscode/out/vs/workbench/api/node/extensionHostProcess.js:151:3076)
	at E.g (/opt/code-server/lib/vscode/out/vs/workbench/api/node/extensionHostProcess.js:154:207442)
	at E.executeCommand (/opt/code-server/lib/vscode/out/vs/workbench/api/node/extensionHostProcess.js:154:206866)
	at N.registerCommand.description (/opt/code-server/lib/vscode/out/vs/workbench/api/node/extensionHostProcess.js:154:206176)
	at E.h (/opt/code-server/lib/vscode/out/vs/workbench/api/node/extensionHostProcess.js:154:207981)
	at E.g (/opt/code-server/lib/vscode/out/vs/workbench/api/node/extensionHostProcess.js:154:206966)
	at E.executeCommand (/opt/code-server/lib/vscode/out/vs/workbench/api/node/extensionHostProcess.js:154:206866)
	at Object.executeCommand (/opt/code-server/lib/vscode/out/vs/workbench/api/node/extensionHostProcess.js:164:23018)
	at n.O [as value] (/opt/code-server/lib/vscode/extensions/git/dist/main.js:2:949496)
	at s.B (/opt/code-server/lib/vscode/out/vs/workbench/api/node/extensionHostProcess.js:83:740)
	at s.C (/opt/code-server/lib/vscode/out/vs/workbench/api/node/extensionHostProcess.js:83:810)
	at s.fire (/opt/code-server/lib/vscode/out/vs/workbench/api/node/extensionHostProcess.js:83:1026)
	at Object.p [as dispose] (/opt/code-server/lib/vscode/extensions/git/dist/main.js:2:968700)
	at /opt/code-server/lib/vscode/extensions/git/dist/main.js:2:974738
	at Array.forEach (<anonymous>)
	at f.dispose (/opt/code-server/lib/vscode/extensions/git/dist/main.js:2:974724)
	at s.<anonymous> (/opt/code-server/lib/vscode/out/vs/workbench/api/node/extensionHostProcess.js:152:4814)
	at s.dispose (/opt/code-server/lib/vscode/out/vs/workbench/api/node/extensionHostProcess.js:152:4949)
	at s.<anonymous> (/opt/code-server/lib/vscode/extensions/git/dist/main.js:2:951753)
	at s.dispose (/opt/code-server/lib/vscode/out/vs/workbench/api/node/extensionHostProcess.js:152:4949)
	at g (/opt/code-server/lib/vscode/out/vs/workbench/api/node/extensionHostProcess.js:30:750)
	at $.eb (/opt/code-server/lib/vscode/out/vs/workbench/api/node/extensionHostProcess.js:160:10809)
	at /opt/code-server/lib/vscode/out/vs/workbench/api/node/extensionHostProcess.js:160:8656
	at Array.map (<anonymous>)
	at $ (/opt/code-server/lib/vscode/out/vs/workbench/api/node/extensionHostProcess.js:160:8644)
	at $.terminate (/opt/code-server/lib/vscode/out/vs/workbench/api/node/extensionHostProcess.js:160:8918)
	at g.terminate (/opt/code-server/lib/vscode/out/vs/workbench/api/node/extensionHostProcess.js:164:1513)
	at s (/opt/code-server/lib/vscode/out/vs/workbench/api/node/extensionHostProcess.js:177:10642)
	at L.a (/opt/code-server/lib/vscode/out/vs/workbench/api/node/extensionHostProcess.js:177:7307)
	at L.h (/opt/code-server/lib/vscode/out/vs/workbench/api/node/extensionHostProcess.js:87:21283)
	at listOnTimeout (node:internal/timers:573:17)
	at process.processTimers (node:internal/timers:514:7) setContext undefined
2025-02-11 14:07:32.864 [error] Canceled: Canceled
	at new k (/opt/code-server/lib/vscode/out/vs/workbench/api/node/extensionHostProcess.js:144:34987)
	at E.U (/opt/code-server/lib/vscode/out/vs/workbench/api/node/extensionHostProcess.js:151:6001)
	at M.<computed>.L.charCodeAt.A.CharCode.DollarSign.M.<computed> (/opt/code-server/lib/vscode/out/vs/workbench/api/node/extensionHostProcess.js:151:3076)
	at E.g (/opt/code-server/lib/vscode/out/vs/workbench/api/node/extensionHostProcess.js:154:207442)
	at E.executeCommand (/opt/code-server/lib/vscode/out/vs/workbench/api/node/extensionHostProcess.js:154:206866)
	at N.registerCommand.description (/opt/code-server/lib/vscode/out/vs/workbench/api/node/extensionHostProcess.js:154:206176)
	at E.h (/opt/code-server/lib/vscode/out/vs/workbench/api/node/extensionHostProcess.js:154:207981)
	at E.g (/opt/code-server/lib/vscode/out/vs/workbench/api/node/extensionHostProcess.js:154:206966)
	at E.executeCommand (/opt/code-server/lib/vscode/out/vs/workbench/api/node/extensionHostProcess.js:154:206866)
	at Object.executeCommand (/opt/code-server/lib/vscode/out/vs/workbench/api/node/extensionHostProcess.js:164:23018)
	at set hasGitHubRepositories [as hasGitHubRepositories] (/opt/code-server/lib/vscode/extensions/github/dist/extension.js:2:322969)
	at /opt/code-server/lib/vscode/extensions/github/dist/extension.js:2:323928
	at n.value (/opt/code-server/lib/vscode/extensions/git/dist/main.js:2:1055238)
	at s.B (/opt/code-server/lib/vscode/out/vs/workbench/api/node/extensionHostProcess.js:83:740)
	at s.C (/opt/code-server/lib/vscode/out/vs/workbench/api/node/extensionHostProcess.js:83:810)
	at s.fire (/opt/code-server/lib/vscode/out/vs/workbench/api/node/extensionHostProcess.js:83:1026)
	at Object.p [as dispose] (/opt/code-server/lib/vscode/extensions/git/dist/main.js:2:968700)
	at /opt/code-server/lib/vscode/extensions/git/dist/main.js:2:974738
	at Array.forEach (<anonymous>)
	at f.dispose (/opt/code-server/lib/vscode/extensions/git/dist/main.js:2:974724)
	at s.<anonymous> (/opt/code-server/lib/vscode/out/vs/workbench/api/node/extensionHostProcess.js:152:4814)
	at s.dispose (/opt/code-server/lib/vscode/out/vs/workbench/api/node/extensionHostProcess.js:152:4949)
	at s.<anonymous> (/opt/code-server/lib/vscode/extensions/git/dist/main.js:2:951753)
	at s.dispose (/opt/code-server/lib/vscode/out/vs/workbench/api/node/extensionHostProcess.js:152:4949)
	at g (/opt/code-server/lib/vscode/out/vs/workbench/api/node/extensionHostProcess.js:30:750)
	at $.eb (/opt/code-server/lib/vscode/out/vs/workbench/api/node/extensionHostProcess.js:160:10809)
	at /opt/code-server/lib/vscode/out/vs/workbench/api/node/extensionHostProcess.js:160:8656
	at Array.map (<anonymous>)
	at $ (/opt/code-server/lib/vscode/out/vs/workbench/api/node/extensionHostProcess.js:160:8644)
	at $.terminate (/opt/code-server/lib/vscode/out/vs/workbench/api/node/extensionHostProcess.js:160:8918)
	at g.terminate (/opt/code-server/lib/vscode/out/vs/workbench/api/node/extensionHostProcess.js:164:1513)
	at s (/opt/code-server/lib/vscode/out/vs/workbench/api/node/extensionHostProcess.js:177:10642)
	at L.a (/opt/code-server/lib/vscode/out/vs/workbench/api/node/extensionHostProcess.js:177:7307)
	at L.h (/opt/code-server/lib/vscode/out/vs/workbench/api/node/extensionHostProcess.js:87:21283)
	at listOnTimeout (node:internal/timers:573:17)
	at process.processTimers (node:internal/timers:514:7) setContext undefined
2025-02-11 14:07:32.880 [info] Extension host with pid 54494 exiting with code 0
