2025-02-11 03:42:28.754 [info] Experiment 'pythonSurveyNotification' is active
2025-02-11 03:42:28.754 [info] Experiment 'pythonTerminalEnvVarActivation' is active
2025-02-11 03:42:28.754 [info] Experiment 'pythonTestAdapter' is active
2025-02-11 03:42:28.754 [warning] Dir "/home/jovyan/.pixi/envs" is not watchable (directory does not exist)
2025-02-11 03:42:28.807 [info] Default formatter is set to null for workspace /home/jovyan
2025-02-11 03:42:28.918 [info] Starting Environment refresh
2025-02-11 03:42:28.918 [info] Searching for interpreters in posix paths locator
2025-02-11 03:42:28.922 [info] Searching for pyenv environments
2025-02-11 03:42:28.922 [info] Searching for conda environments
2025-02-11 03:42:28.923 [info] Searching for global virtual environments
2025-02-11 03:42:28.923 [info] Searching for custom virtual environments
2025-02-11 03:42:28.953 [info] pyenv is not installed
2025-02-11 03:42:28.953 [info] Finished searching for pyenv environments: 33 milliseconds
2025-02-11 03:42:28.954 [info] Finished searching for custom virtual envs: 33 milliseconds
2025-02-11 03:42:28.960 [info] > conda info --json
2025-02-11 03:42:28.966 [info] > pixi --version
2025-02-11 03:42:28.975 [info] > hatch env show --json
2025-02-11 03:42:28.975 [info] cwd: .
2025-02-11 03:42:28.977 [info] Python interpreter path: /bin/python3
2025-02-11 03:42:28.984 [info] Finished searching for global virtual envs: 63 milliseconds
2025-02-11 03:42:28.993 [info] Found: /bin/python3 --> /bin/python3.10
2025-02-11 03:42:28.996 [info] Found: /bin/python3.10 --> /bin/python3.10
2025-02-11 03:42:29.026 [info] Found: /usr/bin/python3 --> /usr/bin/python3.10
2025-02-11 03:42:29.027 [info] Found: /usr/bin/python3.10 --> /usr/bin/python3.10
2025-02-11 03:42:29.034 [info] > /bin/python3 -I ./.local/share/code-server/extensions/ms-python.python-2024.14.1-universal/python_files/get_output_via_markers.py ./.local/share/code-server/extensions/ms-python.python-2024.14.1-universal/python_files/interpreterInfo.py
2025-02-11 03:42:29.046 [info] Found: /opt/conda/envs/biol1435/bin/python --> /opt/conda/envs/biol1435/bin/python3.9
2025-02-11 03:42:29.048 [info] Found: /opt/conda/envs/biol1435/bin/python3 --> /opt/conda/envs/biol1435/bin/python3.9
2025-02-11 03:42:29.048 [info] Found: /opt/conda/envs/biol1435/bin/python3.9 --> /opt/conda/envs/biol1435/bin/python3.9
2025-02-11 03:42:29.050 [info] Found: /opt/conda/bin/python --> /opt/conda/bin/python3.11
2025-02-11 03:42:29.051 [info] Found: /opt/conda/bin/python3 --> /opt/conda/bin/python3.11
2025-02-11 03:42:29.051 [info] Found: /opt/conda/bin/python3.1 --> /opt/conda/bin/python3.11
2025-02-11 03:42:29.051 [info] Found: /opt/conda/bin/python3.11 --> /opt/conda/bin/python3.11
2025-02-11 03:42:29.061 [info] > /usr/bin/python3 -I ./.local/share/code-server/extensions/ms-python.python-2024.14.1-universal/python_files/get_output_via_markers.py ./.local/share/code-server/extensions/ms-python.python-2024.14.1-universal/python_files/interpreterInfo.py
2025-02-11 03:42:29.108 [info] > pyenv which python
2025-02-11 03:42:29.108 [info] cwd: .
2025-02-11 03:42:29.241 [warning] could not find a pixi interpreter for the interpreter at /bin/python3
2025-02-11 03:42:29.745 [info] > conda run -n biol1435 --no-capture-output python ./.local/share/code-server/extensions/ms-python.python-2024.14.1-universal/python_files/get_output_via_markers.py ./.local/share/code-server/extensions/ms-python.python-2024.14.1-universal/python_files/printEnvVariables.py
2025-02-11 03:42:29.745 [info] shell: bash
2025-02-11 03:42:29.745 [info] > conda run -n biol1435 --no-capture-output python ./.local/share/code-server/extensions/ms-python.python-2024.14.1-universal/python_files/get_output_via_markers.py ./.local/share/code-server/extensions/ms-python.python-2024.14.1-universal/python_files/printEnvVariables.py
2025-02-11 03:42:29.745 [info] shell: bash
2025-02-11 03:42:29.751 [info] > /opt/conda/envs/biol1435/bin/python -I ./.local/share/code-server/extensions/ms-python.python-2024.14.1-universal/python_files/get_output_via_markers.py ./.local/share/code-server/extensions/ms-python.python-2024.14.1-universal/python_files/interpreterInfo.py
2025-02-11 03:42:29.757 [info] Finished searching for conda environments: 834 milliseconds
2025-02-11 03:42:29.757 [info] > /opt/conda/bin/python -I ./.local/share/code-server/extensions/ms-python.python-2024.14.1-universal/python_files/get_output_via_markers.py ./.local/share/code-server/extensions/ms-python.python-2024.14.1-universal/python_files/interpreterInfo.py
2025-02-11 03:42:29.758 [info] Finished searching for interpreters in posix paths locator: 842 milliseconds
2025-02-11 03:42:29.758 [info] Environments refresh paths discovered (event): 843 milliseconds
2025-02-11 03:42:29.758 [info] Environments refresh paths discovered: 843 milliseconds
2025-02-11 03:42:29.818 [info] Environments refresh finished (event): 903 milliseconds
2025-02-11 03:42:29.839 [info] Environment refresh took 925 milliseconds
2025-02-11 03:42:30.317 [info] Starting Jedi language server for jovyan.
