2025-02-11 00:27:11.167 [info] Experiment 'pythonSurveyNotification' is active
2025-02-11 00:27:11.167 [info] Experiment 'pythonTerminalEnvVarActivation' is active
2025-02-11 00:27:11.167 [info] Experiment 'pythonTestAdapter' is active
2025-02-11 00:27:11.181 [warning] Dir "/home/jovyan/.pixi/envs" is not watchable (directory does not exist)
2025-02-11 00:27:11.271 [info] Default formatter is set to null for workspace /home/jovyan
2025-02-11 00:27:11.282 [info] Starting Environment refresh
2025-02-11 00:27:11.282 [info] Searching for interpreters in posix paths locator
2025-02-11 00:27:11.289 [info] Searching for pyenv environments
2025-02-11 00:27:11.289 [info] Searching for conda environments
2025-02-11 00:27:11.289 [info] Searching for global virtual environments
2025-02-11 00:27:11.289 [info] Searching for custom virtual environments
2025-02-11 00:27:11.397 [info] pyenv is not installed
2025-02-11 00:27:11.397 [info] Finished searching for pyenv environments: 114 milliseconds
2025-02-11 00:27:11.398 [info] Finished searching for custom virtual envs: 114 milliseconds
2025-02-11 00:27:11.409 [info] > conda info --json
2025-02-11 00:27:11.418 [info] > pixi --version
2025-02-11 00:27:11.426 [info] > hatch env show --json
2025-02-11 00:27:11.426 [info] cwd: .
2025-02-11 00:27:11.434 [info] > pyenv which python
2025-02-11 00:27:11.434 [info] cwd: .
2025-02-11 00:27:11.445 [info] > pyenv which python
2025-02-11 00:27:11.445 [info] cwd: .
2025-02-11 00:27:11.446 [info] Finished searching for global virtual envs: 162 milliseconds
2025-02-11 00:27:11.455 [info] Found: /bin/python3 --> /bin/python3.10
2025-02-11 00:27:11.456 [info] Found: /bin/python3.10 --> /bin/python3.10
2025-02-11 00:27:11.479 [info] Found: /usr/bin/python3 --> /usr/bin/python3.10
2025-02-11 00:27:11.480 [info] Found: /usr/bin/python3.10 --> /usr/bin/python3.10
2025-02-11 00:27:11.493 [info] Found: /opt/conda/envs/biol1435/bin/python --> /opt/conda/envs/biol1435/bin/python3.9
2025-02-11 00:27:11.493 [info] Found: /opt/conda/envs/biol1435/bin/python3 --> /opt/conda/envs/biol1435/bin/python3.9
2025-02-11 00:27:11.493 [info] Found: /opt/conda/envs/biol1435/bin/python3.9 --> /opt/conda/envs/biol1435/bin/python3.9
2025-02-11 00:27:11.496 [info] Found: /opt/conda/bin/python --> /opt/conda/bin/python3.11
2025-02-11 00:27:11.497 [info] Found: /opt/conda/bin/python3 --> /opt/conda/bin/python3.11
2025-02-11 00:27:11.497 [info] Found: /opt/conda/bin/python3.1 --> /opt/conda/bin/python3.11
2025-02-11 00:27:11.498 [info] Found: /opt/conda/bin/python3.11 --> /opt/conda/bin/python3.11
2025-02-11 00:27:11.603 [info] > /bin/python3 -I ./.local/share/code-server/extensions/ms-python.python-2024.14.1-universal/python_files/get_output_via_markers.py ./.local/share/code-server/extensions/ms-python.python-2024.14.1-universal/python_files/interpreterInfo.py
2025-02-11 00:27:11.618 [info] > /usr/bin/python3 -I ./.local/share/code-server/extensions/ms-python.python-2024.14.1-universal/python_files/get_output_via_markers.py ./.local/share/code-server/extensions/ms-python.python-2024.14.1-universal/python_files/interpreterInfo.py
2025-02-11 00:27:12.589 [info] Discover tests for workspace name: jovyan - uri: /home/jovyan/.local/share/code-server/extensions/.bd28d86b-5f5e-411b-b415-d60ed5e6fa7d/pythonFiles/pyproject.toml
2025-02-11 00:27:12.890 [info] > /opt/conda/envs/biol1435/bin/python -I ./.local/share/code-server/extensions/ms-python.python-2024.14.1-universal/python_files/get_output_via_markers.py ./.local/share/code-server/extensions/ms-python.python-2024.14.1-universal/python_files/interpreterInfo.py
2025-02-11 00:27:12.921 [info] Finished searching for conda environments: 1633 milliseconds
2025-02-11 00:27:12.921 [info] > /opt/conda/bin/python -I ./.local/share/code-server/extensions/ms-python.python-2024.14.1-universal/python_files/get_output_via_markers.py ./.local/share/code-server/extensions/ms-python.python-2024.14.1-universal/python_files/interpreterInfo.py
2025-02-11 00:27:12.923 [info] Finished searching for interpreters in posix paths locator: 1642 milliseconds
2025-02-11 00:27:12.924 [info] Environments refresh paths discovered (event): 1644 milliseconds
2025-02-11 00:27:12.924 [info] Environments refresh paths discovered: 1644 milliseconds
2025-02-11 00:27:12.970 [info] Environments refresh finished (event): 1690 milliseconds
2025-02-11 00:27:12.988 [info] Environment refresh took 1708 milliseconds
2025-02-11 00:27:12.989 [warning] could not find a pixi interpreter for the interpreter at /bin/python3
2025-02-11 00:27:12.989 [warning] could not find a pixi interpreter for the interpreter at /bin/python3
2025-02-11 00:27:12.989 [warning] could not find a pixi interpreter for the interpreter at /bin/python3
2025-02-11 00:27:12.989 [warning] could not find a pixi interpreter for the interpreter at /bin/python3
2025-02-11 00:27:12.989 [warning] could not find a pixi interpreter for the interpreter at /bin/python3
2025-02-11 00:27:12.989 [warning] could not find a pixi interpreter for the interpreter at /bin/python3
2025-02-11 00:27:12.989 [warning] could not find a pixi interpreter for the interpreter at /bin/python3
2025-02-11 00:27:12.989 [warning] could not find a pixi interpreter for the interpreter at /bin/python3
2025-02-11 00:27:12.990 [warning] could not find a pixi interpreter for the interpreter at /bin/python3
2025-02-11 00:27:13.005 [info] Python interpreter path: /bin/python3
2025-02-11 00:27:13.229 [warning] could not find a pixi interpreter for the interpreter at /bin/python3
2025-02-11 00:27:14.286 [info] Starting Jedi language server for jovyan.
2025-02-11 00:27:21.506 [info] > conda run -n biol1435 --no-capture-output python ./.local/share/code-server/extensions/ms-python.python-2024.14.1-universal/python_files/get_output_via_markers.py ./.local/share/code-server/extensions/ms-python.python-2024.14.1-universal/python_files/printEnvVariables.py
2025-02-11 00:27:21.506 [info] shell: bash
2025-02-11 00:27:21.721 [info] > conda run -n biol1435 --no-capture-output python ./.local/share/code-server/extensions/ms-python.python-2024.14.1-universal/python_files/get_output_via_markers.py ./.local/share/code-server/extensions/ms-python.python-2024.14.1-universal/python_files/printEnvVariables.py
2025-02-11 00:27:21.721 [info] shell: bash
2025-02-11 00:28:22.078 [info] Discover tests for workspace name: jovyan - uri: /home/jovyan/.local/share/code-server/User/settings.json
2025-02-11 00:28:22.567 [info] Discover tests for workspace name: jovyan - uri: /home/jovyan/.local/share/code-server/User/settings.json
2025-02-11 00:31:14.446 [info] Discover tests for workspace name: jovyan - uri: /home/jovyan/.local/share/code-server/User/settings.json
2025-02-11 00:31:18.099 [info] Discover tests for workspace name: jovyan - uri: /home/jovyan/.local/share/code-server/User/settings.json
2025-02-11 00:31:22.239 [info] Discover tests for workspace name: jovyan - uri: /home/jovyan/.local/share/code-server/User/settings.json
2025-02-11 00:31:26.307 [info] Discover tests for workspace name: jovyan - uri: /home/jovyan/.local/share/code-server/User/settings.json
2025-02-11 00:31:29.438 [info] Discover tests for workspace name: jovyan - uri: /home/jovyan/.local/share/code-server/User/settings.json
2025-02-11 00:31:32.779 [info] Discover tests for workspace name: jovyan - uri: /home/jovyan/.local/share/code-server/User/settings.json
2025-02-11 00:31:37.868 [info] Discover tests for workspace name: jovyan - uri: /home/jovyan/.local/share/code-server/User/settings.json
2025-02-11 00:31:42.464 [info] Discover tests for workspace name: jovyan - uri: /home/jovyan/.local/share/code-server/User/settings.json
2025-02-11 00:31:48.079 [info] Discover tests for workspace name: jovyan - uri: /home/jovyan/.local/share/code-server/User/settings.json
2025-02-11 00:33:25.121 [info] Discover tests for workspace name: jovyan - uri: /home/jovyan/.local/share/code-server/User/settings.json
